#
# There is insufficient memory for the Java Runtime Environment to continue.
# Native memory allocation (malloc) failed to allocate 386896 bytes for Chunk::new
# Possible reasons:
#   The system is out of physical RAM or swap space
#   The process is running with CompressedOops enabled, and the Java Heap may be blocking the growth of the native heap
# Possible solutions:
#   Reduce memory load on the system
#   Increase physical memory or swap space
#   Check if swap backing store is full
#   Decrease Java heap size (-Xmx/-Xms)
#   Decrease number of Java threads
#   Decrease Java thread stack sizes (-Xss)
#   Set larger code cache with -XX:ReservedCodeCacheSize=
#   JVM is running with Unscaled Compressed Oops mode in which the Java heap is
#     placed in the first 4GB address space. The Java Heap base address is the
#     maximum limit for the native heap growth. Please use -XX:HeapBaseMinAddress
#     to set the Java Heap base and to place the Java Heap above 4GB virtual address.
# This output file may be truncated or incomplete.
#
#  Out of Memory Error (arena.cpp:184), pid=13688, tid=38216
#
# JRE version: OpenJDK Runtime Environment Corretto-18.0.2.9.1 (18.0.2+9) (build 18.0.2+9-FR)
# Java VM: OpenJDK 64-Bit Server VM Corretto-18.0.2.9.1 (18.0.2+9-FR, mixed mode, sharing, tiered, compressed oops, compressed class ptrs, g1 gc, windows-amd64)
# No core dump will be written. Minidumps are not enabled by default on client versions of Windows
#

---------------  S U M M A R Y ------------

Command Line: -javaagent:C:\Windows\java code\IntelliJ IDEA Community Edition 2023.2.2\lib\idea_rt.jar=64264:C:\Windows\java code\IntelliJ IDEA Community Edition 2023.2.2\bin -Dfile.encoding=UTF-8 -Dsun.stdout.encoding=UTF-8 -Dsun.stderr.encoding=UTF-8 com.zosh.OnlineFoodOrderingApplication

Host: Intel(R) Core(TM) i5-8265U CPU @ 1.60GHz, 8 cores, 7G,  Windows 11 , 64 bit Build 22621 (10.0.22621.3235)
Time: Mon Apr 29 13:50:12 2024 India Standard Time elapsed time: 48483.139012 seconds (0d 13h 28m 3s)

---------------  T H R E A D  ---------------

Current thread (0x0000026ce37ac170):  JavaThread "C2 CompilerThread0" daemon [_thread_in_native, id=38216, stack(0x00000082dfb00000,0x00000082dfc00000)]


Current CompileTask:
C2:48483139 8851   !   4       java.util.concurrent.ThreadPoolExecutor::getTask (177 bytes)

Stack: [0x00000082dfb00000,0x00000082dfc00000]
Native frames: (J=compiled Java code, j=interpreted, Vv=VM code, C=native code)
V  [jvm.dll+0x685a2a]
V  [jvm.dll+0x82ae8d]
V  [jvm.dll+0x82c75e]
V  [jvm.dll+0x82ce03]
V  [jvm.dll+0x25ef4b]
V  [jvm.dll+0xd42d2]
V  [jvm.dll+0xd4665]
V  [jvm.dll+0x385751]
V  [jvm.dll+0x34d82a]
V  [jvm.dll+0x34cc1a]
V  [jvm.dll+0x233a65]
V  [jvm.dll+0x232f37]
V  [jvm.dll+0x1c0a35]
V  [jvm.dll+0x24212c]
V  [jvm.dll+0x240534]
V  [jvm.dll+0x7df6db]
V  [jvm.dll+0x7d9cba]
V  [jvm.dll+0x6848a5]
C  [ucrtbase.dll+0x29363]
C  [KERNEL32.DLL+0x1257d]
C  [ntdll.dll+0x5aa58]


---------------  P R O C E S S  ---------------

Threads class SMR info:
_java_thread_list=0x0000026ce9e46490, length=34, elements={
0x0000026ce378f130, 0x0000026ce378fd90, 0x0000026ce37a88a0, 0x0000026ce37aa160,
0x0000026ce37aab00, 0x0000026ce37ab4a0, 0x0000026ce37ac170, 0x0000026ce37acf20,
0x0000026ce37b2c10, 0x0000026ce3735c10, 0x0000026ce7c5b1a0, 0x0000026ce7dab7f0,
0x0000026ce91c16d0, 0x0000026ce98c04e0, 0x0000026ce9770ef0, 0x0000026ce97713c0,
0x0000026ce97730a0, 0x0000026ce9770080, 0x0000026ce9770550, 0x0000026ce9770a20,
0x0000026ce9772700, 0x0000026ce9772bd0, 0x0000026ce9773570, 0x0000026ce9773a40,
0x0000026ceaf27900, 0x0000026ceaf260f0, 0x0000026ceaf26f60, 0x0000026ceaf265c0,
0x0000026ceaf28c40, 0x0000026ceaf26a90, 0x0000026ceaf282a0, 0x0000026ceaf2a920,
0x0000026ceaf27430, 0x0000026cebd1a840
}

Java Threads: ( => current thread )
  0x0000026ce378f130 JavaThread "Reference Handler" daemon [_thread_blocked, id=22344, stack(0x00000082df500000,0x00000082df600000)]
  0x0000026ce378fd90 JavaThread "Finalizer" daemon [_thread_blocked, id=41204, stack(0x00000082df600000,0x00000082df700000)]
  0x0000026ce37a88a0 JavaThread "Signal Dispatcher" daemon [_thread_blocked, id=38212, stack(0x00000082df700000,0x00000082df800000)]
  0x0000026ce37aa160 JavaThread "Attach Listener" daemon [_thread_blocked, id=45820, stack(0x00000082df800000,0x00000082df900000)]
  0x0000026ce37aab00 JavaThread "Service Thread" daemon [_thread_blocked, id=30824, stack(0x00000082df900000,0x00000082dfa00000)]
  0x0000026ce37ab4a0 JavaThread "Monitor Deflation Thread" daemon [_thread_blocked, id=48192, stack(0x00000082dfa00000,0x00000082dfb00000)]
=>0x0000026ce37ac170 JavaThread "C2 CompilerThread0" daemon [_thread_in_native, id=38216, stack(0x00000082dfb00000,0x00000082dfc00000)]
  0x0000026ce37acf20 JavaThread "C1 CompilerThread0" daemon [_thread_blocked, id=47604, stack(0x00000082dfc00000,0x00000082dfd00000)]
  0x0000026ce37b2c10 JavaThread "Sweeper thread" daemon [_thread_blocked, id=42460, stack(0x00000082dfd00000,0x00000082dfe00000)]
  0x0000026ce3735c10 JavaThread "Common-Cleaner" daemon [_thread_blocked, id=36136, stack(0x00000082dfe00000,0x00000082dff00000)]
  0x0000026ce7c5b1a0 JavaThread "Monitor Ctrl-Break" daemon [_thread_in_native, id=46840, stack(0x00000082dff00000,0x00000082e0000000)]
  0x0000026ce7dab7f0 JavaThread "Notification Thread" daemon [_thread_blocked, id=43224, stack(0x00000082e0000000,0x00000082e0100000)]
  0x0000026ce91c16d0 JavaThread "Catalina-utility-1" [_thread_blocked, id=44088, stack(0x00000082e0c00000,0x00000082e0d00000)]
  0x0000026ce98c04e0 JavaThread "Catalina-utility-2" [_thread_blocked, id=11884, stack(0x00000082e0d00000,0x00000082e0e00000)]
  0x0000026ce9770ef0 JavaThread "container-0" [_thread_blocked, id=45928, stack(0x00000082e0e00000,0x00000082e0f00000)]
  0x0000026ce97713c0 JavaThread "mysql-cj-abandoned-connection-cleanup" daemon [_thread_blocked, id=34672, stack(0x00000082e0f00000,0x00000082e1000000)]
  0x0000026ce97730a0 JavaThread "HikariPool-1 housekeeper" daemon [_thread_blocked, id=29072, stack(0x00000082e1100000,0x00000082e1200000)]
  0x0000026ce9770080 JavaThread "File Watcher" daemon [_thread_in_native, id=48084, stack(0x00000082e1200000,0x00000082e1300000)]
  0x0000026ce9770550 JavaThread "Live Reload Server" daemon [_thread_in_native, id=42120, stack(0x00000082e1400000,0x00000082e1500000)]
  0x0000026ce9770a20 JavaThread "http-nio-5454-exec-1" daemon [_thread_blocked, id=36988, stack(0x00000082e1300000,0x00000082e1400000)]
  0x0000026ce9772700 JavaThread "http-nio-5454-exec-2" daemon [_thread_blocked, id=29732, stack(0x00000082e1500000,0x00000082e1600000)]
  0x0000026ce9772bd0 JavaThread "http-nio-5454-exec-3" daemon [_thread_blocked, id=49608, stack(0x00000082e1600000,0x00000082e1700000)]
  0x0000026ce9773570 JavaThread "http-nio-5454-exec-4" daemon [_thread_blocked, id=48916, stack(0x00000082e1700000,0x00000082e1800000)]
  0x0000026ce9773a40 JavaThread "http-nio-5454-exec-5" daemon [_thread_blocked, id=25084, stack(0x00000082e1800000,0x00000082e1900000)]
  0x0000026ceaf27900 JavaThread "http-nio-5454-exec-6" daemon [_thread_blocked, id=29116, stack(0x00000082e1900000,0x00000082e1a00000)]
  0x0000026ceaf260f0 JavaThread "http-nio-5454-exec-7" daemon [_thread_blocked, id=47668, stack(0x00000082e1a00000,0x00000082e1b00000)]
  0x0000026ceaf26f60 JavaThread "http-nio-5454-exec-8" daemon [_thread_blocked, id=39180, stack(0x00000082e1b00000,0x00000082e1c00000)]
  0x0000026ceaf265c0 JavaThread "http-nio-5454-exec-9" daemon [_thread_blocked, id=46988, stack(0x00000082e1c00000,0x00000082e1d00000)]
  0x0000026ceaf28c40 JavaThread "http-nio-5454-exec-10" daemon [_thread_blocked, id=34252, stack(0x00000082e1d00000,0x00000082e1e00000)]
  0x0000026ceaf26a90 JavaThread "http-nio-5454-Poller" daemon [_thread_in_native, id=44508, stack(0x00000082e1e00000,0x00000082e1f00000)]
  0x0000026ceaf282a0 JavaThread "http-nio-5454-Acceptor" daemon [_thread_in_native, id=35348, stack(0x00000082e1f00000,0x00000082e2000000)]
  0x0000026ceaf2a920 JavaThread "DestroyJavaVM" [_thread_blocked, id=41324, stack(0x00000082dee00000,0x00000082def00000)]
  0x0000026ceaf27430 JavaThread "HikariPool-1 connection adder" daemon [_thread_in_native, id=38952, stack(0x00000082dec00000,0x00000082ded00000)]
  0x0000026cebd1a840 JavaThread "C2 CompilerThread1" daemon [_thread_blocked, id=19268, stack(0x00000082deb00000,0x00000082dec00000)]

Other Threads:
  0x0000026cc5441cb0 VMThread "VM Thread" [stack: 0x00000082df400000,0x00000082df500000] [id=22756]
  0x0000026cc326c2e0 WatcherThread "VM Periodic Task Thread" [stack: 0x00000082e0100000,0x00000082e0200000] [id=37184]
  0x0000026cc5429a60 WorkerThread "GC Thread#0" [stack: 0x00000082def00000,0x00000082df000000] [id=31124]
  0x0000026ce867a0d0 WorkerThread "GC Thread#1" [stack: 0x00000082e0400000,0x00000082e0500000] [id=42600]
  0x0000026ce86b4440 WorkerThread "GC Thread#2" [stack: 0x00000082e0500000,0x00000082e0600000] [id=39612]
  0x0000026ce86b4ef0 WorkerThread "GC Thread#3" [stack: 0x00000082e0600000,0x00000082e0700000] [id=41776]
  0x0000026ce86b7db0 WorkerThread "GC Thread#4" [stack: 0x00000082e0700000,0x00000082e0800000] [id=39960]
  0x0000026ce86bc870 WorkerThread "GC Thread#5" [stack: 0x00000082e0800000,0x00000082e0900000] [id=39624]
  0x0000026ce8998e40 WorkerThread "GC Thread#6" [stack: 0x00000082e0a00000,0x00000082e0b00000] [id=15436]
  0x0000026ce89810b0 WorkerThread "GC Thread#7" [stack: 0x00000082e0b00000,0x00000082e0c00000] [id=47024]
  0x0000026cc543b520 ConcurrentGCThread "G1 Main Marker" [stack: 0x00000082df000000,0x00000082df100000] [id=44632]
  0x0000026cc543bf10 WorkerThread "G1 Conc#0" [stack: 0x00000082df100000,0x00000082df200000] [id=41960]
  0x0000026ce9051330 WorkerThread "G1 Conc#1" [stack: 0x00000082e0900000,0x00000082e0a00000] [id=42132]
  0x0000026cc545ec30 ConcurrentGCThread "G1 Refine#0" [stack: 0x00000082df200000,0x00000082df300000] [id=49924]
  0x0000026ce36036b0 ConcurrentGCThread "G1 Service" [stack: 0x00000082df300000,0x00000082df400000] [id=45120]

Threads with active compile tasks:
C2 CompilerThread0  48503057 8851   !   4       java.util.concurrent.ThreadPoolExecutor::getTask (177 bytes)

VM state: not at safepoint (normal execution)

VM Mutex/Monitor currently owned by a thread: None

Heap address: 0x0000000082400000, size: 2012 MB, Compressed Oops mode: 32-bit

CDS archive(s) mapped at: [0x0000000800000000-0x0000000800ba0000-0x0000000800ba0000), size 12189696, SharedBaseAddress: 0x0000000800000000, ArchiveRelocationMode: 0.
Compressed class space mapped at: 0x0000000800c00000-0x0000000840c00000, reserved size: 1073741824
Narrow klass base: 0x0000000800000000, Narrow klass shift: 0, Narrow klass range: 0x100000000

GC Precious Log:
 CardTable entry size: 512
 Card Set container configuration: InlinePtr #cards 5 size 8 Array Of Cards #cards 12 size 40 Howl #buckets 4 coarsen threshold 1843 Howl Bitmap #cards 512 size 80 coarsen threshold 460 Card regions per heap region 1 cards per card region 2048
 CPUs: 8 total, 8 available
 Memory: 8043M
 Large Page Support: Disabled
 NUMA Support: Disabled
 Compressed Oops: Enabled (32-bit)
 Heap Region Size: 1M
 Heap Min Capacity: 8M
 Heap Initial Capacity: 126M
 Heap Max Capacity: 2012M
 Pre-touch: Disabled
 Parallel Workers: 8
 Concurrent Workers: 2
 Concurrent Refinement Workers: 8
 Periodic GC: Disabled

Heap:
 garbage-first heap   total 98304K, used 52881K [0x0000000082400000, 0x0000000100000000)
  region size 1024K, 18 young (18432K), 1 survivors (1024K)
 Metaspace       used 78167K, committed 78912K, reserved 1179648K
  class space    used 10526K, committed 10880K, reserved 1048576K

Heap Regions: E=young(eden), S=young(survivor), O=old, HS=humongous(starts), HC=humongous(continues), CS=collection set, F=free, OA=open archive, CA=closed archive, TAMS=top-at-mark-start (previous, next)
|   0|0x0000000082400000, 0x0000000082500000, 0x0000000082500000|100%|HS|  |TAMS 0x0000000082500000, 0x0000000082400000| Complete 
|   1|0x0000000082500000, 0x0000000082600000, 0x0000000082600000|100%| O|  |TAMS 0x0000000082600000, 0x0000000082500000| Untracked 
|   2|0x0000000082600000, 0x0000000082700000, 0x0000000082700000|100%| O|  |TAMS 0x0000000082700000, 0x0000000082600000| Untracked 
|   3|0x0000000082700000, 0x0000000082800000, 0x0000000082800000|100%| O|  |TAMS 0x0000000082800000, 0x0000000082700000| Untracked 
|   4|0x0000000082800000, 0x0000000082900000, 0x0000000082900000|100%| O|  |TAMS 0x0000000082900000, 0x0000000082800000| Untracked 
|   5|0x0000000082900000, 0x0000000082a00000, 0x0000000082a00000|100%| O|  |TAMS 0x0000000082a00000, 0x0000000082900000| Untracked 
|   6|0x0000000082a00000, 0x0000000082b00000, 0x0000000082b00000|100%| O|  |TAMS 0x0000000082b00000, 0x0000000082a00000| Untracked 
|   7|0x0000000082b00000, 0x0000000082c00000, 0x0000000082c00000|100%| O|  |TAMS 0x0000000082c00000, 0x0000000082b00000| Untracked 
|   8|0x0000000082c00000, 0x0000000082d00000, 0x0000000082d00000|100%| O|  |TAMS 0x0000000082d00000, 0x0000000082c00000| Untracked 
|   9|0x0000000082d00000, 0x0000000082e00000, 0x0000000082e00000|100%| O|  |TAMS 0x0000000082e00000, 0x0000000082d00000| Untracked 
|  10|0x0000000082e00000, 0x0000000082f00000, 0x0000000082f00000|100%| O|  |TAMS 0x0000000082f00000, 0x0000000082e00000| Untracked 
|  11|0x0000000082f00000, 0x0000000083000000, 0x0000000083000000|100%| O|  |TAMS 0x0000000083000000, 0x0000000082f00000| Untracked 
|  12|0x0000000083000000, 0x0000000083100000, 0x0000000083100000|100%| O|  |TAMS 0x0000000083100000, 0x0000000083000000| Untracked 
|  13|0x0000000083100000, 0x0000000083200000, 0x0000000083200000|100%| O|  |TAMS 0x0000000083200000, 0x0000000083100000| Untracked 
|  14|0x0000000083200000, 0x0000000083300000, 0x0000000083300000|100%| O|  |TAMS 0x0000000083300000, 0x0000000083200000| Untracked 
|  15|0x0000000083300000, 0x0000000083400000, 0x0000000083400000|100%| O|  |TAMS 0x0000000083400000, 0x0000000083300000| Untracked 
|  16|0x0000000083400000, 0x0000000083500000, 0x0000000083500000|100%| O|  |TAMS 0x0000000083500000, 0x0000000083400000| Untracked 
|  17|0x0000000083500000, 0x000000008354cc00, 0x0000000083600000| 29%| O|  |TAMS 0x000000008354cc00, 0x0000000083500000| Untracked 
|  18|0x0000000083600000, 0x0000000083700000, 0x0000000083700000|100%| O|  |TAMS 0x0000000083700000, 0x0000000083600000| Untracked 
|  19|0x0000000083700000, 0x0000000083800000, 0x0000000083800000|100%| O|  |TAMS 0x0000000083800000, 0x0000000083700000| Untracked 
|  20|0x0000000083800000, 0x0000000083900000, 0x0000000083900000|100%| O|  |TAMS 0x0000000083900000, 0x0000000083800000| Untracked 
|  21|0x0000000083900000, 0x0000000083a00000, 0x0000000083a00000|100%| O|  |TAMS 0x0000000083a00000, 0x0000000083900000| Untracked 
|  22|0x0000000083a00000, 0x0000000083b00000, 0x0000000083b00000|100%| O|  |TAMS 0x0000000083aa1400, 0x0000000083a00000| Untracked 
|  23|0x0000000083b00000, 0x0000000083c00000, 0x0000000083c00000|100%| O|  |TAMS 0x0000000083b00000, 0x0000000083b00000| Untracked 
|  24|0x0000000083c00000, 0x0000000083d00000, 0x0000000083d00000|100%| O|  |TAMS 0x0000000083c00000, 0x0000000083c00000| Untracked 
|  25|0x0000000083d00000, 0x0000000083e00000, 0x0000000083e00000|100%| O|  |TAMS 0x0000000083d00000, 0x0000000083d00000| Untracked 
|  26|0x0000000083e00000, 0x0000000083f00000, 0x0000000083f00000|100%| O|  |TAMS 0x0000000083e00000, 0x0000000083e00000| Untracked 
|  27|0x0000000083f00000, 0x0000000084000000, 0x0000000084000000|100%| O|  |TAMS 0x0000000083f00000, 0x0000000083f00000| Untracked 
|  28|0x0000000084000000, 0x0000000084100000, 0x0000000084100000|100%| O|  |TAMS 0x0000000084000000, 0x0000000084000000| Untracked 
|  29|0x0000000084100000, 0x0000000084200000, 0x0000000084200000|100%| O|  |TAMS 0x0000000084100000, 0x0000000084100000| Untracked 
|  30|0x0000000084200000, 0x0000000084300000, 0x0000000084300000|100%| O|  |TAMS 0x0000000084200000, 0x0000000084200000| Untracked 
|  31|0x0000000084300000, 0x0000000084400000, 0x0000000084400000|100%| O|  |TAMS 0x0000000084300000, 0x0000000084300000| Untracked 
|  32|0x0000000084400000, 0x0000000084500000, 0x0000000084500000|100%| O|  |TAMS 0x0000000084400000, 0x0000000084400000| Untracked 
|  33|0x0000000084500000, 0x0000000084600000, 0x0000000084600000|100%| O|  |TAMS 0x0000000084500000, 0x0000000084500000| Untracked 
|  34|0x0000000084600000, 0x0000000084700000, 0x0000000084700000|100%| O|  |TAMS 0x0000000084600000, 0x0000000084600000| Untracked 
|  35|0x0000000084700000, 0x000000008478c200, 0x0000000084800000| 54%| O|  |TAMS 0x0000000084700000, 0x0000000084700000| Untracked 
|  36|0x0000000084800000, 0x0000000084800000, 0x0000000084900000|  0%| F|  |TAMS 0x0000000084800000, 0x0000000084800000| Untracked 
|  37|0x0000000084900000, 0x0000000084900000, 0x0000000084a00000|  0%| F|  |TAMS 0x0000000084900000, 0x0000000084900000| Untracked 
|  38|0x0000000084a00000, 0x0000000084a00000, 0x0000000084b00000|  0%| F|  |TAMS 0x0000000084a00000, 0x0000000084a00000| Untracked 
|  39|0x0000000084b00000, 0x0000000084b00000, 0x0000000084c00000|  0%| F|  |TAMS 0x0000000084b00000, 0x0000000084b00000| Untracked 
|  40|0x0000000084c00000, 0x0000000084c00000, 0x0000000084d00000|  0%| F|  |TAMS 0x0000000084c00000, 0x0000000084c00000| Untracked 
|  41|0x0000000084d00000, 0x0000000084d00000, 0x0000000084e00000|  0%| F|  |TAMS 0x0000000084d00000, 0x0000000084d00000| Untracked 
|  42|0x0000000084e00000, 0x0000000084e00000, 0x0000000084f00000|  0%| F|  |TAMS 0x0000000084e00000, 0x0000000084e00000| Untracked 
|  43|0x0000000084f00000, 0x0000000084f00000, 0x0000000085000000|  0%| F|  |TAMS 0x0000000084f00000, 0x0000000084f00000| Untracked 
|  44|0x0000000085000000, 0x0000000085000000, 0x0000000085100000|  0%| F|  |TAMS 0x0000000085000000, 0x0000000085000000| Untracked 
|  45|0x0000000085100000, 0x0000000085100000, 0x0000000085200000|  0%| F|  |TAMS 0x0000000085100000, 0x0000000085100000| Untracked 
|  46|0x0000000085200000, 0x0000000085200000, 0x0000000085300000|  0%| F|  |TAMS 0x0000000085200000, 0x0000000085200000| Untracked 
|  47|0x0000000085300000, 0x0000000085300000, 0x0000000085400000|  0%| F|  |TAMS 0x0000000085300000, 0x0000000085300000| Untracked 
|  48|0x0000000085400000, 0x0000000085400000, 0x0000000085500000|  0%| F|  |TAMS 0x0000000085400000, 0x0000000085400000| Untracked 
|  49|0x0000000085500000, 0x0000000085500000, 0x0000000085600000|  0%| F|  |TAMS 0x0000000085500000, 0x0000000085500000| Untracked 
|  50|0x0000000085600000, 0x0000000085600000, 0x0000000085700000|  0%| F|  |TAMS 0x0000000085600000, 0x0000000085600000| Untracked 
|  51|0x0000000085700000, 0x0000000085700000, 0x0000000085800000|  0%| F|  |TAMS 0x0000000085700000, 0x0000000085700000| Untracked 
|  52|0x0000000085800000, 0x0000000085800000, 0x0000000085900000|  0%| F|  |TAMS 0x0000000085800000, 0x0000000085800000| Untracked 
|  53|0x0000000085900000, 0x0000000085900000, 0x0000000085a00000|  0%| F|  |TAMS 0x0000000085900000, 0x0000000085900000| Untracked 
|  54|0x0000000085a00000, 0x0000000085a00000, 0x0000000085b00000|  0%| F|  |TAMS 0x0000000085a00000, 0x0000000085a00000| Untracked 
|  55|0x0000000085b00000, 0x0000000085b00000, 0x0000000085c00000|  0%| F|  |TAMS 0x0000000085b00000, 0x0000000085b00000| Untracked 
|  56|0x0000000085c00000, 0x0000000085c00000, 0x0000000085d00000|  0%| F|  |TAMS 0x0000000085c00000, 0x0000000085c00000| Untracked 
|  57|0x0000000085d00000, 0x0000000085d00000, 0x0000000085e00000|  0%| F|  |TAMS 0x0000000085d00000, 0x0000000085d00000| Untracked 
|  58|0x0000000085e00000, 0x0000000085e00000, 0x0000000085f00000|  0%| F|  |TAMS 0x0000000085e00000, 0x0000000085e00000| Untracked 
|  59|0x0000000085f00000, 0x0000000085f00000, 0x0000000086000000|  0%| F|  |TAMS 0x0000000085f00000, 0x0000000085f00000| Untracked 
|  60|0x0000000086000000, 0x0000000086000000, 0x0000000086100000|  0%| F|  |TAMS 0x0000000086000000, 0x0000000086000000| Untracked 
|  61|0x0000000086100000, 0x0000000086100000, 0x0000000086200000|  0%| F|  |TAMS 0x0000000086100000, 0x0000000086100000| Untracked 
|  62|0x0000000086200000, 0x0000000086200000, 0x0000000086300000|  0%| F|  |TAMS 0x0000000086200000, 0x0000000086200000| Untracked 
|  63|0x0000000086300000, 0x0000000086300000, 0x0000000086400000|  0%| F|  |TAMS 0x0000000086300000, 0x0000000086300000| Untracked 
|  64|0x0000000086400000, 0x0000000086400000, 0x0000000086500000|  0%| F|  |TAMS 0x0000000086400000, 0x0000000086400000| Untracked 
|  65|0x0000000086500000, 0x0000000086500000, 0x0000000086600000|  0%| F|  |TAMS 0x0000000086500000, 0x0000000086500000| Untracked 
|  66|0x0000000086600000, 0x0000000086600000, 0x0000000086700000|  0%| F|  |TAMS 0x0000000086600000, 0x0000000086600000| Untracked 
|  67|0x0000000086700000, 0x00000000867cb808, 0x0000000086800000| 79%| S|CS|TAMS 0x0000000086700000, 0x0000000086700000| Complete 
|  68|0x0000000086800000, 0x0000000086800000, 0x0000000086900000|  0%| F|  |TAMS 0x0000000086800000, 0x0000000086800000| Untracked 
|  69|0x0000000086900000, 0x0000000086900000, 0x0000000086a00000|  0%| F|  |TAMS 0x0000000086900000, 0x0000000086900000| Untracked 
|  70|0x0000000086a00000, 0x0000000086a00000, 0x0000000086b00000|  0%| F|  |TAMS 0x0000000086a00000, 0x0000000086a00000| Untracked 
|  71|0x0000000086b00000, 0x0000000086b00000, 0x0000000086c00000|  0%| F|  |TAMS 0x0000000086b00000, 0x0000000086b00000| Untracked 
|  72|0x0000000086c00000, 0x0000000086c00000, 0x0000000086d00000|  0%| F|  |TAMS 0x0000000086c00000, 0x0000000086c00000| Untracked 
|  73|0x0000000086d00000, 0x0000000086d00000, 0x0000000086e00000|  0%| F|  |TAMS 0x0000000086d00000, 0x0000000086d00000| Untracked 
|  74|0x0000000086e00000, 0x0000000086e00000, 0x0000000086f00000|  0%| F|  |TAMS 0x0000000086e00000, 0x0000000086e00000| Untracked 
|  75|0x0000000086f00000, 0x0000000086f00000, 0x0000000087000000|  0%| F|  |TAMS 0x0000000086f00000, 0x0000000086f00000| Untracked 
|  76|0x0000000087000000, 0x0000000087000000, 0x0000000087100000|  0%| F|  |TAMS 0x0000000087000000, 0x0000000087000000| Untracked 
|  77|0x0000000087100000, 0x0000000087100000, 0x0000000087200000|  0%| F|  |TAMS 0x0000000087100000, 0x0000000087100000| Untracked 
|  78|0x0000000087200000, 0x0000000087200000, 0x0000000087300000|  0%| F|  |TAMS 0x0000000087200000, 0x0000000087200000| Untracked 
|  79|0x0000000087300000, 0x00000000873f56b8, 0x0000000087400000| 95%| E|  |TAMS 0x0000000087300000, 0x0000000087300000| Complete 
|  80|0x0000000087400000, 0x0000000087500000, 0x0000000087500000|100%| E|CS|TAMS 0x0000000087400000, 0x0000000087400000| Complete 
|  81|0x0000000087500000, 0x0000000087600000, 0x0000000087600000|100%| E|CS|TAMS 0x0000000087500000, 0x0000000087500000| Complete 
|  82|0x0000000087600000, 0x0000000087700000, 0x0000000087700000|100%| E|CS|TAMS 0x0000000087600000, 0x0000000087600000| Complete 
|  83|0x0000000087700000, 0x0000000087800000, 0x0000000087800000|100%| E|CS|TAMS 0x0000000087700000, 0x0000000087700000| Complete 
|  84|0x0000000087800000, 0x0000000087900000, 0x0000000087900000|100%| E|CS|TAMS 0x0000000087800000, 0x0000000087800000| Complete 
|  85|0x0000000087900000, 0x0000000087a00000, 0x0000000087a00000|100%| E|CS|TAMS 0x0000000087900000, 0x0000000087900000| Complete 
|  86|0x0000000087a00000, 0x0000000087b00000, 0x0000000087b00000|100%| E|CS|TAMS 0x0000000087a00000, 0x0000000087a00000| Complete 
|  87|0x0000000087b00000, 0x0000000087c00000, 0x0000000087c00000|100%| E|CS|TAMS 0x0000000087b00000, 0x0000000087b00000| Complete 
|  88|0x0000000087c00000, 0x0000000087d00000, 0x0000000087d00000|100%| E|CS|TAMS 0x0000000087c00000, 0x0000000087c00000| Complete 
|  89|0x0000000087d00000, 0x0000000087e00000, 0x0000000087e00000|100%| E|CS|TAMS 0x0000000087d00000, 0x0000000087d00000| Complete 
|  90|0x0000000087e00000, 0x0000000087f00000, 0x0000000087f00000|100%| E|CS|TAMS 0x0000000087e00000, 0x0000000087e00000| Complete 
|  91|0x0000000087f00000, 0x0000000088000000, 0x0000000088000000|100%| E|CS|TAMS 0x0000000087f00000, 0x0000000087f00000| Complete 
|  92|0x0000000088000000, 0x0000000088100000, 0x0000000088100000|100%| E|CS|TAMS 0x0000000088000000, 0x0000000088000000| Complete 
|  93|0x0000000088100000, 0x0000000088200000, 0x0000000088200000|100%| E|CS|TAMS 0x0000000088100000, 0x0000000088100000| Complete 
|  94|0x0000000088200000, 0x0000000088300000, 0x0000000088300000|100%| E|CS|TAMS 0x0000000088200000, 0x0000000088200000| Complete 
| 125|0x000000008a100000, 0x000000008a200000, 0x000000008a200000|100%| E|CS|TAMS 0x000000008a100000, 0x000000008a100000| Complete 

Card table byte_map: [0x0000026cdc690000,0x0000026cdca80000] _byte_map_base: 0x0000026cdc27e000

Marking Bits (Prev, Next): (CMBitMap*) 0x0000026cc542b0b0, (CMBitMap*) 0x0000026cc542b070
 Prev Bits: [0x0000026cdede0000, 0x0000026ce0d50000)
 Next Bits: [0x0000026cdce70000, 0x0000026cdede0000)

Polling page: 0x0000026cc4b60000

Metaspace:

Usage:
  Non-class:     66.06 MB used.
      Class:     10.28 MB used.
       Both:     76.34 MB used.

Virtual space:
  Non-class space:      128.00 MB reserved,      66.44 MB ( 52%) committed,  2 nodes.
      Class space:        1.00 GB reserved,      10.63 MB (  1%) committed,  1 nodes.
             Both:        1.13 GB reserved,      77.06 MB (  7%) committed. 

Chunk freelists:
   Non-Class:  786.00 KB
       Class:  1.36 MB
        Both:  2.12 MB

MaxMetaspaceSize: unlimited
CompressedClassSpaceSize: 1.00 GB
Initial GC threshold: 21.00 MB
Current GC threshold: 98.56 MB
CDS: on
MetaspaceReclaimPolicy: balanced
 - commit_granule_bytes: 65536.
 - commit_granule_words: 8192.
 - virtual_space_node_default_size: 8388608.
 - enlarge_chunks_in_place: 1.
 - new_chunks_are_fully_committed: 0.
 - uncommit_free_chunks: 1.
 - use_allocation_guard: 0.


Internal statistics:

num_allocs_failed_limit: 9.
num_arena_births: 1020.
num_arena_deaths: 0.
num_vsnodes_births: 3.
num_vsnodes_deaths: 0.
num_space_committed: 1233.
num_space_uncommitted: 0.
num_chunks_returned_to_freelist: 9.
num_chunks_taken_from_freelist: 3741.
num_chunk_merges: 9.
num_chunk_splits: 2735.
num_chunks_enlarged: 2193.
num_inconsistent_stats: 0.

CodeHeap 'non-profiled nmethods': size=120000Kb used=4514Kb max_used=4514Kb free=115485Kb
 bounds [0x0000026cd4a30000, 0x0000026cd4ea0000, 0x0000026cdbf60000]
CodeHeap 'profiled nmethods': size=120000Kb used=15101Kb max_used=15101Kb free=104898Kb
 bounds [0x0000026ccd500000, 0x0000026cce3c0000, 0x0000026cd4a30000]
CodeHeap 'non-nmethods': size=5760Kb used=1398Kb max_used=1466Kb free=4362Kb
 bounds [0x0000026cccf60000, 0x0000026ccd1d0000, 0x0000026ccd500000]
 total_blobs=8485 nmethods=7757 adapters=639
 compilation: enabled
              stopped_count=0, restarted_count=0
 full_count=0

Compilation events (20 events):
Event: 8946.767 Thread 0x0000026ce37ac170 nmethod 8842 0x0000026cd4e8f790 code [0x0000026cd4e8f920, 0x0000026cd4e8fab8]
Event: 8946.902 Thread 0x0000026ce37acf20 8839   !   3       com.mysql.cj.protocol.a.NativeProtocol::send (136 bytes)
Event: 8947.995 Thread 0x0000026ce37acf20 nmethod 8839 0x0000026cce3a5010 code [0x0000026cce3a5260, 0x0000026cce3a6178]
Event: 8948.024 Thread 0x0000026ce37acf20 8840       3       sun.security.ssl.SupportedGroupsExtension$SupportedGroups::isActivatable (90 bytes)
Event: 8948.491 Thread 0x0000026ce37acf20 nmethod 8840 0x0000026cce3a6790 code [0x0000026cce3a6960, 0x0000026cce3a6d68]
Event: 8952.040 Thread 0x0000026ce37acf20 8844       3       java.util.concurrent.atomic.AtomicLong::addAndGet (14 bytes)
Event: 8952.384 Thread 0x0000026ce37acf20 nmethod 8844 0x0000026cce3a6e90 code [0x0000026cce3a7020, 0x0000026cce3a7138]
Event: 8978.622 Thread 0x0000026ce37acf20 8845  s    3       org.apache.catalina.core.StandardWrapper::backgroundProcess (38 bytes)
Event: 8979.671 Thread 0x0000026ce37acf20 nmethod 8845 0x0000026cce3a7210 code [0x0000026cce3a7400, 0x0000026cce3a7ad8]
Event: 9435.307 Thread 0x0000026ce37acf20 8846   !   3       java.util.concurrent.locks.AbstractQueuedSynchronizer::acquire (407 bytes)
Event: 9435.517 Thread 0x0000026ce37acf20 nmethod 8846 0x0000026cce3a7c10 code [0x0000026cce3a7fa0, 0x0000026cce3a99b8]
Event: 9704.061 Thread 0x0000026ce37acf20 8847       3       ch.qos.logback.classic.LoggerContext::getTurboFilterChainDecision_2 (43 bytes)
Event: 9704.449 Thread 0x0000026ce37acf20 nmethod 8847 0x0000026cce3aa290 code [0x0000026cce3aa460, 0x0000026cce3aab28]
Event: 9729.692 Thread 0x0000026ce37ac170 8848       4       java.util.HashMap::values (25 bytes)
Event: 9729.710 Thread 0x0000026ce37ac170 nmethod 8848 0x0000026cd4e8fc10 code [0x0000026cd4e8fda0, 0x0000026cd4e8ff78]
Event: 10200.171 Thread 0x0000026ce37acf20 8849       3       org.springframework.boot.web.embedded.tomcat.TomcatWebServer$$Lambda$717/0x0000000800f924a8::lifecycleEvent (13 bytes)
Event: 10200.748 Thread 0x0000026ce37acf20 nmethod 8849 0x0000026cce3aad10 code [0x0000026cce3aaf40, 0x0000026cce3ab818]
Event: 10227.306 Thread 0x0000026ce37acf20 8850       3       java.util.concurrent.locks.AbstractQueuedSynchronizer$Node::getAndUnsetStatus (14 bytes)
Event: 10227.349 Thread 0x0000026ce37acf20 nmethod 8850 0x0000026cce3abb90 code [0x0000026cce3abd40, 0x0000026cce3ac008]
Event: 48387.801 Thread 0x0000026ce37ac170 8851   !   4       java.util.concurrent.ThreadPoolExecutor::getTask (177 bytes)

GC Heap History (20 events):
Event: 5923.329 GC heap before
{Heap before GC invocations=25 (full 0):
 garbage-first heap   total 98304K, used 49425K [0x0000000082400000, 0x0000000100000000)
  region size 1024K, 15 young (15360K), 2 survivors (2048K)
 Metaspace       used 78056K, committed 78848K, reserved 1179648K
  class space    used 10525K, committed 10880K, reserved 1048576K
}
Event: 5923.558 GC heap after
{Heap after GC invocations=26 (full 0):
 garbage-first heap   total 98304K, used 35951K [0x0000000082400000, 0x0000000100000000)
  region size 1024K, 1 young (1024K), 1 survivors (1024K)
 Metaspace       used 78056K, committed 78848K, reserved 1179648K
  class space    used 10525K, committed 10880K, reserved 1048576K
}
Event: 7100.234 GC heap before
{Heap before GC invocations=26 (full 0):
 garbage-first heap   total 98304K, used 84079K [0x0000000082400000, 0x0000000100000000)
  region size 1024K, 48 young (49152K), 1 survivors (1024K)
 Metaspace       used 78074K, committed 78848K, reserved 1179648K
  class space    used 10525K, committed 10880K, reserved 1048576K
}
Event: 7100.657 GC heap after
{Heap after GC invocations=27 (full 0):
 garbage-first heap   total 98304K, used 35832K [0x0000000082400000, 0x0000000100000000)
  region size 1024K, 1 young (1024K), 1 survivors (1024K)
 Metaspace       used 78074K, committed 78848K, reserved 1179648K
  class space    used 10525K, committed 10880K, reserved 1048576K
}
Event: 7113.081 GC heap before
{Heap before GC invocations=27 (full 0):
 garbage-first heap   total 98304K, used 38904K [0x0000000082400000, 0x0000000100000000)
  region size 1024K, 4 young (4096K), 1 survivors (1024K)
 Metaspace       used 78075K, committed 78848K, reserved 1179648K
  class space    used 10525K, committed 10880K, reserved 1048576K
}
Event: 7115.212 GC heap after
{Heap after GC invocations=28 (full 0):
 garbage-first heap   total 98304K, used 35943K [0x0000000082400000, 0x0000000100000000)
  region size 1024K, 1 young (1024K), 1 survivors (1024K)
 Metaspace       used 78075K, committed 78848K, reserved 1179648K
  class space    used 10525K, committed 10880K, reserved 1048576K
}
Event: 7122.531 GC heap before
{Heap before GC invocations=28 (full 0):
 garbage-first heap   total 98304K, used 39015K [0x0000000082400000, 0x0000000100000000)
  region size 1024K, 4 young (4096K), 1 survivors (1024K)
 Metaspace       used 78080K, committed 78848K, reserved 1179648K
  class space    used 10525K, committed 10880K, reserved 1048576K
}
Event: 7122.743 GC heap after
{Heap after GC invocations=29 (full 0):
 garbage-first heap   total 98304K, used 36018K [0x0000000082400000, 0x0000000100000000)
  region size 1024K, 1 young (1024K), 1 survivors (1024K)
 Metaspace       used 78080K, committed 78848K, reserved 1179648K
  class space    used 10525K, committed 10880K, reserved 1048576K
}
Event: 7133.183 GC heap before
{Heap before GC invocations=29 (full 0):
 garbage-first heap   total 98304K, used 40114K [0x0000000082400000, 0x0000000100000000)
  region size 1024K, 5 young (5120K), 1 survivors (1024K)
 Metaspace       used 78100K, committed 78848K, reserved 1179648K
  class space    used 10526K, committed 10880K, reserved 1048576K
}
Event: 7133.244 GC heap after
{Heap after GC invocations=30 (full 0):
 garbage-first heap   total 98304K, used 36192K [0x0000000082400000, 0x0000000100000000)
  region size 1024K, 1 young (1024K), 1 survivors (1024K)
 Metaspace       used 78100K, committed 78848K, reserved 1179648K
  class space    used 10526K, committed 10880K, reserved 1048576K
}
Event: 7295.897 GC heap before
{Heap before GC invocations=30 (full 0):
 garbage-first heap   total 98304K, used 45408K [0x0000000082400000, 0x0000000100000000)
  region size 1024K, 10 young (10240K), 1 survivors (1024K)
 Metaspace       used 78104K, committed 78848K, reserved 1179648K
  class space    used 10526K, committed 10880K, reserved 1048576K
}
Event: 7295.907 GC heap after
{Heap after GC invocations=31 (full 0):
 garbage-first heap   total 98304K, used 36305K [0x0000000082400000, 0x0000000100000000)
  region size 1024K, 1 young (1024K), 1 survivors (1024K)
 Metaspace       used 78104K, committed 78848K, reserved 1179648K
  class space    used 10526K, committed 10880K, reserved 1048576K
}
Event: 7736.816 GC heap before
{Heap before GC invocations=31 (full 0):
 garbage-first heap   total 98304K, used 54737K [0x0000000082400000, 0x0000000100000000)
  region size 1024K, 19 young (19456K), 1 survivors (1024K)
 Metaspace       used 78118K, committed 78848K, reserved 1179648K
  class space    used 10526K, committed 10880K, reserved 1048576K
}
Event: 7736.845 GC heap after
{Heap after GC invocations=32 (full 0):
 garbage-first heap   total 98304K, used 36280K [0x0000000082400000, 0x0000000100000000)
  region size 1024K, 1 young (1024K), 1 survivors (1024K)
 Metaspace       used 78118K, committed 78848K, reserved 1179648K
  class space    used 10526K, committed 10880K, reserved 1048576K
}
Event: 8626.418 GC heap before
{Heap before GC invocations=32 (full 0):
 garbage-first heap   total 98304K, used 73144K [0x0000000082400000, 0x0000000100000000)
  region size 1024K, 37 young (37888K), 1 survivors (1024K)
 Metaspace       used 78118K, committed 78848K, reserved 1179648K
  class space    used 10526K, committed 10880K, reserved 1048576K
}
Event: 8626.497 GC heap after
{Heap after GC invocations=33 (full 0):
 garbage-first heap   total 98304K, used 36312K [0x0000000082400000, 0x0000000100000000)
  region size 1024K, 1 young (1024K), 1 survivors (1024K)
 Metaspace       used 78118K, committed 78848K, reserved 1179648K
  class space    used 10526K, committed 10880K, reserved 1048576K
}
Event: 9451.787 GC heap before
{Heap before GC invocations=33 (full 0):
 garbage-first heap   total 98304K, used 83416K [0x0000000082400000, 0x0000000100000000)
  region size 1024K, 47 young (48128K), 1 survivors (1024K)
 Metaspace       used 78147K, committed 78848K, reserved 1179648K
  class space    used 10526K, committed 10880K, reserved 1048576K
}
Event: 9452.082 GC heap after
{Heap after GC invocations=34 (full 0):
 garbage-first heap   total 98304K, used 36662K [0x0000000082400000, 0x0000000100000000)
  region size 1024K, 1 young (1024K), 1 survivors (1024K)
 Metaspace       used 78147K, committed 78848K, reserved 1179648K
  class space    used 10526K, committed 10880K, reserved 1048576K
}
Event: 10135.923 GC heap before
{Heap before GC invocations=34 (full 0):
 garbage-first heap   total 98304K, used 65334K [0x0000000082400000, 0x0000000100000000)
  region size 1024K, 29 young (29696K), 1 survivors (1024K)
 Metaspace       used 78147K, committed 78848K, reserved 1179648K
  class space    used 10526K, committed 10880K, reserved 1048576K
}
Event: 10136.278 GC heap after
{Heap after GC invocations=35 (full 0):
 garbage-first heap   total 98304K, used 36497K [0x0000000082400000, 0x0000000100000000)
  region size 1024K, 1 young (1024K), 1 survivors (1024K)
 Metaspace       used 78147K, committed 78848K, reserved 1179648K
  class space    used 10526K, committed 10880K, reserved 1048576K
}

Deoptimization events (20 events):
Event: 7115.671 Thread 0x0000026ceaf23f40 DEOPT PACKING pc=0x0000026cd4e73144 sp=0x00000082decfda10
Event: 7115.671 Thread 0x0000026ceaf23f40 DEOPT UNPACKING pc=0x0000026cccfb23a3 sp=0x00000082decfd990 mode 2
Event: 7115.671 Thread 0x0000026ceaf23f40 Uncommon trap: trap_request=0xffffffbe fr.pc=0x0000026cd4e73144 relative=0x00000000000000c4
Event: 7115.671 Thread 0x0000026ceaf23f40 Uncommon trap: reason=profile_predicate action=maybe_recompile pc=0x0000026cd4e73144 method=java.math.BigInteger.longValue()J @ 5 c2
Event: 7115.671 Thread 0x0000026ceaf23f40 DEOPT PACKING pc=0x0000026cd4e73144 sp=0x00000082decfda10
Event: 7115.671 Thread 0x0000026ceaf23f40 DEOPT UNPACKING pc=0x0000026cccfb23a3 sp=0x00000082decfd990 mode 2
Event: 7115.671 Thread 0x0000026ceaf23f40 Uncommon trap: trap_request=0xffffffbe fr.pc=0x0000026cd4e73144 relative=0x00000000000000c4
Event: 7115.671 Thread 0x0000026ceaf23f40 Uncommon trap: reason=profile_predicate action=maybe_recompile pc=0x0000026cd4e73144 method=java.math.BigInteger.longValue()J @ 5 c2
Event: 7115.671 Thread 0x0000026ceaf23f40 DEOPT PACKING pc=0x0000026cd4e73144 sp=0x00000082decfda10
Event: 7115.671 Thread 0x0000026ceaf23f40 DEOPT UNPACKING pc=0x0000026cccfb23a3 sp=0x00000082decfd990 mode 2
Event: 7115.879 Thread 0x0000026ceaf23f40 DEOPT PACKING pc=0x0000026ccdf95a0e sp=0x00000082decfdd70
Event: 7115.954 Thread 0x0000026ceaf23f40 DEOPT UNPACKING pc=0x0000026cccfb2b43 sp=0x00000082decfd1d8 mode 0
Event: 9386.303 Thread 0x0000026ce98c04e0 Uncommon trap: trap_request=0xffffff45 fr.pc=0x0000026cd4e2081c relative=0x0000000000000bbc
Event: 9386.303 Thread 0x0000026ce98c04e0 Uncommon trap: reason=unstable_if action=reinterpret pc=0x0000026cd4e2081c method=java.util.concurrent.locks.AbstractQueuedSynchronizer.acquire(Ljava/util/concurrent/locks/AbstractQueuedSynchronizer$Node;IZZZJ)I @ 49 c2
Event: 9386.416 Thread 0x0000026ce98c04e0 DEOPT PACKING pc=0x0000026cd4e2081c sp=0x00000082e0dff070
Event: 9386.430 Thread 0x0000026ce98c04e0 DEOPT UNPACKING pc=0x0000026cccfb23a3 sp=0x00000082e0dfeff8 mode 2
Event: 10136.315 Thread 0x0000026ce98c04e0 Uncommon trap: trap_request=0xffffff45 fr.pc=0x0000026cd4df9204 relative=0x0000000000000084
Event: 10136.315 Thread 0x0000026ce98c04e0 Uncommon trap: reason=unstable_if action=reinterpret pc=0x0000026cd4df9204 method=jdk.internal.misc.Unsafe.getAndBitwiseAndInt(Ljava/lang/Object;JI)I @ 21 c2
Event: 10136.348 Thread 0x0000026ce98c04e0 DEOPT PACKING pc=0x0000026cd4df9204 sp=0x00000082e0dff0e0
Event: 10136.382 Thread 0x0000026ce98c04e0 DEOPT UNPACKING pc=0x0000026cccfb23a3 sp=0x00000082e0dfefe8 mode 2

Classes loaded (20 events):
Event: 85.944 Loading class java/util/stream/DoubleStream
Event: 85.945 Loading class java/util/stream/DoubleStream done
Event: 128.481 Loading class java/util/ArrayList$SubList$2
Event: 128.489 Loading class java/util/ArrayList$SubList$2 done
Event: 128.496 Loading class com/sun/crypto/provider/HmacCore$HmacSHA512
Event: 128.496 Loading class com/sun/crypto/provider/HmacCore$HmacSHA512 done
Event: 174.604 Loading class org/w3c/dom/Node
Event: 174.605 Loading class org/w3c/dom/Node done
Event: 174.605 Loading class org/w3c/dom/Document
Event: 174.606 Loading class org/w3c/dom/Document done
Event: 359.281 Loading class java/io/PushbackInputStream
Event: 359.289 Loading class java/io/PushbackInputStream done
Event: 1769.539 Loading class sun/security/ssl/Alert
Event: 1769.568 Loading class sun/security/ssl/Alert done
Event: 1769.900 Loading class sun/security/ssl/Alert$AlertConsumer
Event: 1769.912 Loading class sun/security/ssl/Alert$AlertConsumer done
Event: 1769.913 Loading class sun/security/ssl/Alert$Level
Event: 1769.913 Loading class sun/security/ssl/Alert$Level done
Event: 7127.719 Loading class sun/net/ConnectionResetException
Event: 7128.910 Loading class sun/net/ConnectionResetException done

Classes unloaded (0 events):
No events

Classes redefined (0 events):
No events

Internal exceptions (20 events):
Event: 18.983 Thread 0x0000026ce7fe0f30 Exception <a 'java/lang/NoSuchMethodError'{0x0000000086dade70}: 'void java.lang.invoke.DirectMethodHandle$Holder.invokeVirtual(java.lang.Object, java.lang.Object, long)'> (0x0000000086dade70) 
thrown [s\src\hotspot\share\interpreter\linkResolver.cpp, line 759]
Event: 19.088 Thread 0x0000026ce7fe0f30 Exception <a 'java/lang/NoSuchMethodError'{0x0000000086ae2dc8}: 'int java.lang.invoke.DirectMethodHandle$Holder.invokeStaticInit(java.lang.Object, java.lang.Object, java.lang.Object, java.lang.Object)'> (0x0000000086ae2dc8) 
thrown [s\src\hotspot\share\interpreter\linkResolver.cpp, line 759]
Event: 19.120 Thread 0x0000026ce7fe0f30 Exception <a 'java/lang/IncompatibleClassChangeError'{0x00000000869a6900}: Found class java.lang.Object, but interface was expected> (0x00000000869a6900) 
thrown [s\src\hotspot\share\interpreter\linkResolver.cpp, line 826]
Event: 19.131 Thread 0x0000026ce7fe0f30 Implicit null exception at 0x0000026cd4b35de0 to 0x0000026cd4b36018
Event: 19.254 Thread 0x0000026ce7fe0f30 Exception <a 'java/lang/NoSuchMethodError'{0x000000008634efa8}: 'java.lang.Object java.lang.invoke.DirectMethodHandle$Holder.newInvokeSpecial(java.lang.Object, java.lang.Object, int, java.lang.Object, java.lang.Object)'> (0x000000008634efa8) 
thrown [s\src\hotspot\share\interpreter\linkResolver.cpp, line 759]
Event: 19.255 Thread 0x0000026ce7fe0f30 Exception <a 'java/lang/NoSuchMethodError'{0x000000008635a1b8}: 'java.lang.Object java.lang.invoke.DirectMethodHandle$Holder.invokeSpecial(java.lang.Object, java.lang.Object, int, java.lang.Object, int, java.lang.Object)'> (0x000000008635a1b8) 
thrown [s\src\hotspot\share\interpreter\linkResolver.cpp, line 759]
Event: 19.256 Thread 0x0000026ce7fe0f30 Exception <a 'java/lang/NoSuchMethodError'{0x0000000086361e68}: 'java.lang.Object java.lang.invoke.DirectMethodHandle$Holder.newInvokeSpecial(java.lang.Object, java.lang.Object, int, java.lang.Object, int)'> (0x0000000086361e68) 
thrown [s\src\hotspot\share\interpreter\linkResolver.cpp, line 759]
Event: 19.256 Thread 0x0000026ce7fe0f30 Exception <a 'java/lang/NoSuchMethodError'{0x0000000086365f28}: 'java.lang.Object java.lang.invoke.DirectMethodHandle$Holder.invokeSpecial(java.lang.Object, java.lang.Object, java.lang.Object, int, java.lang.Object, int)'> (0x0000000086365f28) 
thrown [s\src\hotspot\share\interpreter\linkResolver.cpp, line 759]
Event: 85.570 Thread 0x0000026ce9770a20 Exception <a 'java/lang/NoSuchMethodError'{0x0000000085bcf8e0}: 'java.lang.Object java.lang.invoke.DirectMethodHandle$Holder.invokeSpecial(java.lang.Object, java.lang.Object, java.lang.Object, java.lang.Object, java.lang.Object, long)'> (0x0000000085bcf8e0) 
thrown [s\src\hotspot\share\interpreter\linkResolver.cpp, line 759]
Event: 85.570 Thread 0x0000026ce9770a20 Exception <a 'java/lang/NoSuchMethodError'{0x0000000085bd32e0}: 'java.lang.Object java.lang.invoke.Invokers$Holder.linkToTargetMethod(java.lang.Object, java.lang.Object, java.lang.Object, long, java.lang.Object)'> (0x0000000085bd32e0) 
thrown [s\src\hotspot\share\interpreter\linkResolver.cpp, line 759]
Event: 128.481 Thread 0x0000026ce9773570 Exception <a 'java/lang/NoSuchMethodError'{0x0000000087df8628}: 'java.lang.Object java.lang.invoke.DirectMethodHandle$Holder.invokeStatic(java.lang.Object, int, int)'> (0x0000000087df8628) 
thrown [s\src\hotspot\share\interpreter\linkResolver.cpp, line 759]
Event: 174.428 Thread 0x0000026ceaf260f0 Implicit null exception at 0x0000026cd4dc7e93 to 0x0000026cd4dc7ff0
Event: 174.446 Thread 0x0000026ceaf260f0 Exception <a 'java/lang/NoSuchMethodError'{0x00000000875e3598}: 'void java.lang.invoke.DirectMethodHandle$Holder.invokeSpecialIFC(java.lang.Object, java.lang.Object, int, java.lang.Object, java.lang.Object, java.lang.Object, java.lang.Object)'> (0x00000000875e3598) 
thrown [s\src\hotspot\share\interpreter\linkResolver.cpp, line 759]
Event: 359.319 Thread 0x0000026ceaf27900 Exception <a 'java/lang/NoSuchMethodError'{0x000000008685dd38}: 'void java.lang.invoke.DirectMethodHandle$Holder.invokeStaticInit(java.lang.Object, java.lang.Object, java.lang.Object, java.lang.Object)'> (0x000000008685dd38) 
thrown [s\src\hotspot\share\interpreter\linkResolver.cpp, line 759]
Event: 5396.313 Thread 0x0000026ce91c16d0 Implicit null exception at 0x0000026cd4e613b3 to 0x0000026cd4e61668
Event: 5397.315 Thread 0x0000026ce91c16d0 Implicit null exception at 0x0000026cd4e613b3 to 0x0000026cd4e61668
Event: 5398.303 Thread 0x0000026ce91c16d0 Implicit null exception at 0x0000026cd4e613b3 to 0x0000026cd4e61668
Event: 5399.313 Thread 0x0000026ce91c16d0 Implicit null exception at 0x0000026cd4e613b3 to 0x0000026cd4e61668
Event: 7127.479 Thread 0x0000026ceaf2a450 Exception <a 'java/io/IOException'{0x000000008a138750}> (0x000000008a138750) 
thrown [s\src\hotspot\share\prims\jni.cpp, line 516]
Event: 7127.504 Thread 0x0000026ceaf2a450 Exception <a 'java/io/IOException'{0x000000008a139290}> (0x000000008a139290) 
thrown [s\src\hotspot\share\prims\jni.cpp, line 516]

VM Operations (20 events):
Event: 8626.417 Executing VM operation: G1CollectForAllocation
Event: 8626.497 Executing VM operation: G1CollectForAllocation done
Event: 8858.242 Executing VM operation: Cleanup
Event: 8858.480 Executing VM operation: Cleanup done
Event: 8859.482 Executing VM operation: Cleanup
Event: 8859.827 Executing VM operation: Cleanup done
Event: 8899.068 Executing VM operation: Cleanup
Event: 8899.115 Executing VM operation: Cleanup done
Event: 8904.146 Executing VM operation: Cleanup
Event: 8904.161 Executing VM operation: Cleanup done
Event: 8913.199 Executing VM operation: Cleanup
Event: 8913.199 Executing VM operation: Cleanup done
Event: 8931.322 Executing VM operation: Cleanup
Event: 8931.322 Executing VM operation: Cleanup done
Event: 9451.786 Executing VM operation: G1CollectForAllocation
Event: 9452.082 Executing VM operation: G1CollectForAllocation done
Event: 9740.342 Executing VM operation: Cleanup
Event: 9740.342 Executing VM operation: Cleanup done
Event: 10135.923 Executing VM operation: G1CollectForAllocation
Event: 10136.278 Executing VM operation: G1CollectForAllocation done

Events (20 events):
Event: 8879.502 Thread 0x0000026ceaf29110 Thread added: 0x0000026ceaf29110
Event: 8879.502 Thread 0x0000026ceaf27430 Thread added: 0x0000026ceaf27430
Event: 8884.807 Thread 0x0000026ceaf29110 Thread exited: 0x0000026ceaf29110
Event: 8885.140 Thread 0x0000026ceaf27430 Thread exited: 0x0000026ceaf27430
Event: 8899.006 Thread 0x0000026ceaf24410 Thread added: 0x0000026ceaf24410
Event: 8899.006 Thread 0x0000026ceaf25750 Thread added: 0x0000026ceaf25750
Event: 8910.512 Thread 0x0000026ceaf24410 Thread exited: 0x0000026ceaf24410
Event: 8911.188 Thread 0x0000026ceaf25750 Thread exited: 0x0000026ceaf25750
Event: 8912.602 Thread 0x0000026ceaf2adf0 Thread added: 0x0000026ceaf2adf0
Event: 8912.603 Thread 0x0000026ceaf29110 Thread added: 0x0000026ceaf29110
Event: 8917.624 Thread 0x0000026ceaf2adf0 Thread exited: 0x0000026ceaf2adf0
Event: 8917.798 Thread 0x0000026ceaf29110 Thread exited: 0x0000026ceaf29110
Event: 8928.315 Thread 0x0000026ceaf29110 Thread added: 0x0000026ceaf29110
Event: 8928.315 Thread 0x0000026ceaf295e0 Thread added: 0x0000026ceaf295e0
Event: 8935.583 Thread 0x0000026ceaf295e0 Thread exited: 0x0000026ceaf295e0
Event: 8935.647 Thread 0x0000026ceaf29110 Thread exited: 0x0000026ceaf29110
Event: 8946.652 Thread 0x0000026ceaf2b2c0 Thread added: 0x0000026ceaf2b2c0
Event: 8946.652 Thread 0x0000026ceaf29f80 Thread added: 0x0000026ceaf29f80
Event: 8951.803 Thread 0x0000026ceaf29f80 Thread exited: 0x0000026ceaf29f80
Event: 8952.040 Thread 0x0000026ceaf2b2c0 Thread exited: 0x0000026ceaf2b2c0


Dynamic libraries:
0x00007ff6daad0000 - 0x00007ff6daadd000 	C:\Users\chaub\.jdks\corretto-18.0.2\bin\java.exe
0x00007fff476f0000 - 0x00007fff47906000 	C:\WINDOWS\SYSTEM32\ntdll.dll
0x00007fff46420000 - 0x00007fff464e4000 	C:\WINDOWS\System32\KERNEL32.DLL
0x00007fff44ad0000 - 0x00007fff44e76000 	C:\WINDOWS\System32\KERNELBASE.dll
0x00007fff44e80000 - 0x00007fff44f91000 	C:\WINDOWS\System32\ucrtbase.dll
0x00007fff3b3a0000 - 0x00007fff3b3b7000 	C:\Users\chaub\.jdks\corretto-18.0.2\bin\jli.dll
0x00007fff46fb0000 - 0x00007fff4715d000 	C:\WINDOWS\System32\USER32.dll
0x00007fff45270000 - 0x00007fff45296000 	C:\WINDOWS\System32\win32u.dll
0x00007fff455c0000 - 0x00007fff455e9000 	C:\WINDOWS\System32\GDI32.dll
0x00007fff44fa0000 - 0x00007fff450b8000 	C:\WINDOWS\System32\gdi32full.dll
0x00007fff44a30000 - 0x00007fff44aca000 	C:\WINDOWS\System32\msvcp_win.dll
0x00007fff1e990000 - 0x00007fff1ec23000 	C:\WINDOWS\WinSxS\amd64_microsoft.windows.common-controls_6595b64144ccf1df_6.0.22621.3235_none_270f74e173860f98\COMCTL32.dll
0x00007fff45500000 - 0x00007fff455a7000 	C:\WINDOWS\System32\msvcrt.dll
0x00007fff3d520000 - 0x00007fff3d535000 	C:\Users\chaub\.jdks\corretto-18.0.2\bin\VCRUNTIME140.dll
0x00007fff474a0000 - 0x00007fff474d1000 	C:\WINDOWS\System32\IMM32.DLL
0x000000006b3a0000 - 0x000000006b3ac000 	C:\Program Files (x86)\360\Total Security\safemon\SafeWrapper.dll
0x00007fff465d0000 - 0x00007fff46682000 	C:\WINDOWS\System32\ADVAPI32.dll
0x00007fff46f00000 - 0x00007fff46fa8000 	C:\WINDOWS\System32\sechost.dll
0x00007fff45410000 - 0x00007fff45438000 	C:\WINDOWS\System32\bcrypt.dll
0x00007fff45830000 - 0x00007fff45945000 	C:\WINDOWS\System32\RPCRT4.dll
0x00007ffefdf50000 - 0x00007ffefdfe2000 	C:\Program Files (x86)\360\Total Security\safemon\libzdtp64.dll
0x00007fff46690000 - 0x00007fff46eed000 	C:\WINDOWS\System32\SHELL32.dll
0x00007fff47180000 - 0x00007fff471de000 	C:\WINDOWS\System32\SHLWAPI.dll
0x00007fff445a0000 - 0x00007fff445aa000 	C:\WINDOWS\SYSTEM32\VERSION.dll
0x00007fff10530000 - 0x00007fff105cb000 	C:\Users\chaub\.jdks\corretto-18.0.2\bin\msvcp140.dll
0x00007ffecff40000 - 0x00007ffed0bb1000 	C:\Users\chaub\.jdks\corretto-18.0.2\bin\server\jvm.dll
0x00007fff46ef0000 - 0x00007fff46ef8000 	C:\WINDOWS\System32\PSAPI.DLL
0x00007fff31d70000 - 0x00007fff31d79000 	C:\WINDOWS\SYSTEM32\WSOCK32.dll
0x00007fff45d30000 - 0x00007fff45da1000 	C:\WINDOWS\System32\WS2_32.dll
0x00007fff3d460000 - 0x00007fff3d494000 	C:\WINDOWS\SYSTEM32\WINMM.dll
0x00007fff439c0000 - 0x00007fff439d8000 	C:\WINDOWS\SYSTEM32\kernel.appcore.dll
0x00007fff3e240000 - 0x00007fff3e24a000 	C:\Users\chaub\.jdks\corretto-18.0.2\bin\jimage.dll
0x00007fff422e0000 - 0x00007fff42513000 	C:\WINDOWS\SYSTEM32\DBGHELP.DLL
0x00007fff45950000 - 0x00007fff45cd8000 	C:\WINDOWS\System32\combase.dll
0x00007fff464f0000 - 0x00007fff465c7000 	C:\WINDOWS\System32\OLEAUT32.dll
0x00007fff3c5c0000 - 0x00007fff3c5f2000 	C:\WINDOWS\SYSTEM32\dbgcore.DLL
0x00007fff450c0000 - 0x00007fff4513a000 	C:\WINDOWS\System32\bcryptPrimitives.dll
0x00007fff3b920000 - 0x00007fff3b92e000 	C:\Users\chaub\.jdks\corretto-18.0.2\bin\instrument.dll
0x00007fff37330000 - 0x00007fff37355000 	C:\Users\chaub\.jdks\corretto-18.0.2\bin\java.dll
0x00007ffef9f90000 - 0x00007ffefa066000 	C:\Users\chaub\.jdks\corretto-18.0.2\bin\jsvml.dll
0x00007fff428d0000 - 0x00007fff431c8000 	C:\WINDOWS\SYSTEM32\windows.storage.dll
0x00007fff42790000 - 0x00007fff428ce000 	C:\WINDOWS\SYSTEM32\wintypes.dll
0x00007fff46320000 - 0x00007fff46413000 	C:\WINDOWS\System32\SHCORE.dll
0x00007fff44960000 - 0x00007fff44986000 	C:\WINDOWS\SYSTEM32\profapi.dll
0x00007fff372f0000 - 0x00007fff37308000 	C:\Users\chaub\.jdks\corretto-18.0.2\bin\zip.dll
0x00007fff3ae90000 - 0x00007fff3aea3000 	C:\Users\chaub\.jdks\corretto-18.0.2\bin\net.dll
0x00007fff3db40000 - 0x00007fff3dc77000 	C:\WINDOWS\SYSTEM32\WINHTTP.dll
0x00007fff43e40000 - 0x00007fff43ea9000 	C:\WINDOWS\system32\mswsock.dll
0x00007fff37310000 - 0x00007fff37325000 	C:\Users\chaub\.jdks\corretto-18.0.2\bin\nio.dll
0x00007fff37290000 - 0x00007fff372aa000 	C:\Windows\java code\IntelliJ IDEA Community Edition 2023.2.2\bin\breakgen64.dll
0x00007fff3d440000 - 0x00007fff3d449000 	C:\Users\chaub\.jdks\corretto-18.0.2\bin\management.dll
0x00007fff3c620000 - 0x00007fff3c62b000 	C:\Users\chaub\.jdks\corretto-18.0.2\bin\management_ext.dll
0x00007fff3b370000 - 0x00007fff3b37e000 	C:\Users\chaub\.jdks\corretto-18.0.2\bin\sunmscapi.dll
0x00007fff452a0000 - 0x00007fff45406000 	C:\WINDOWS\System32\CRYPT32.dll
0x00007fff44290000 - 0x00007fff442be000 	C:\WINDOWS\SYSTEM32\ncrypt.dll
0x00007fff44250000 - 0x00007fff44287000 	C:\WINDOWS\SYSTEM32\NTASN1.dll
0x00007fff44080000 - 0x00007fff4409b000 	C:\WINDOWS\SYSTEM32\CRYPTSP.dll
0x00007fff43920000 - 0x00007fff43955000 	C:\WINDOWS\system32\rsaenh.dll
0x00007fff43f00000 - 0x00007fff43f2c000 	C:\WINDOWS\SYSTEM32\USERENV.dll
0x00007fff44070000 - 0x00007fff4407c000 	C:\WINDOWS\SYSTEM32\CRYPTBASE.dll
0x00007fff43430000 - 0x00007fff4345d000 	C:\WINDOWS\SYSTEM32\IPHLPAPI.DLL
0x00007fff45440000 - 0x00007fff45449000 	C:\WINDOWS\System32\NSI.dll
0x00007fff3d810000 - 0x00007fff3d829000 	C:\WINDOWS\SYSTEM32\dhcpcsvc6.DLL
0x00007fff3d7b0000 - 0x00007fff3d7cf000 	C:\WINDOWS\SYSTEM32\dhcpcsvc.DLL
0x00007fff434a0000 - 0x00007fff43599000 	C:\WINDOWS\SYSTEM32\DNSAPI.dll
0x00007fff3e200000 - 0x00007fff3e210000 	C:\Users\chaub\.jdks\corretto-18.0.2\bin\verify.dll
0x00007fff3ad50000 - 0x00007fff3ad5a000 	C:\Windows\System32\rasadhlp.dll
0x00007fff3cc00000 - 0x00007fff3cc83000 	C:\WINDOWS\System32\fwpuclnt.dll

dbghelp: loaded successfully - version: 4.0.5 - missing functions: none
symbol engine: initialized successfully - sym options: 0x614 - pdb path: .;C:\Users\chaub\.jdks\corretto-18.0.2\bin;C:\WINDOWS\SYSTEM32;C:\WINDOWS\WinSxS\amd64_microsoft.windows.common-controls_6595b64144ccf1df_6.0.22621.3235_none_270f74e173860f98;C:\Program Files (x86)\360\Total Security\safemon;C:\Users\chaub\.jdks\corretto-18.0.2\bin\server;C:\Windows\java code\IntelliJ IDEA Community Edition 2023.2.2\bin

VM Arguments:
jvm_args: -javaagent:C:\Windows\java code\IntelliJ IDEA Community Edition 2023.2.2\lib\idea_rt.jar=64264:C:\Windows\java code\IntelliJ IDEA Community Edition 2023.2.2\bin -Dfile.encoding=UTF-8 -Dsun.stdout.encoding=UTF-8 -Dsun.stderr.encoding=UTF-8 
java_command: com.zosh.OnlineFoodOrderingApplication
java_class_path (initial): C:\Online Food Ordering\Online-Food-Ordering\target\classes;C:\Users\chaub\.m2\repository\org\springframework\boot\spring-boot-starter-data-jpa\3.2.5\spring-boot-starter-data-jpa-3.2.5.jar;C:\Users\chaub\.m2\repository\org\springframework\boot\spring-boot-starter-aop\3.2.5\spring-boot-starter-aop-3.2.5.jar;C:\Users\chaub\.m2\repository\org\aspectj\aspectjweaver\1.9.22\aspectjweaver-1.9.22.jar;C:\Users\chaub\.m2\repository\org\springframework\boot\spring-boot-starter-jdbc\3.2.5\spring-boot-starter-jdbc-3.2.5.jar;C:\Users\chaub\.m2\repository\com\zaxxer\HikariCP\5.0.1\HikariCP-5.0.1.jar;C:\Users\chaub\.m2\repository\org\springframework\spring-jdbc\6.1.6\spring-jdbc-6.1.6.jar;C:\Users\chaub\.m2\repository\org\hibernate\orm\hibernate-core\6.4.4.Final\hibernate-core-6.4.4.Final.jar;C:\Users\chaub\.m2\repository\jakarta\persistence\jakarta.persistence-api\3.1.0\jakarta.persistence-api-3.1.0.jar;C:\Users\chaub\.m2\repository\jakarta\transaction\jakarta.transaction-api\2.0.1\jakarta.transaction-api-2.0.1.jar;C:\Users\chaub\.m2\repository\org\jboss\logging\jboss-logging\3.5.3.Final\jboss-logging-3.5.3.Final.jar;C:\Users\chaub\.m2\repository\org\hibernate\common\hibernate-commons-annotations\6.0.6.Final\hibernate-commons-annotations-6.0.6.Final.jar;C:\Users\chaub\.m2\repository\io\smallrye\jandex\3.1.2\jandex-3.1.2.jar;C:\Users\chaub\.m2\repository\com\fasterxml\classmate\1.6.0\classmate-1.6.0.jar;C:\Users\chaub\.m2\repository\net\bytebuddy\byte-buddy\1.14.13\byte-buddy-1.14.13.jar;C:\Users\chaub\.m2\repository\org\glassfish\jaxb\jaxb-runtime\4.0.5\jaxb-runtime-4.0.5.jar;C:\Users\chaub\.m2\repository\org\glassfish\jaxb\jaxb-core\4.0.5\jaxb-core-4.0.5.jar;C:\Users\chaub\.m2\repository\org\eclipse\angus\angus-activation\2.0.2\angus-activation-2.0.2.jar;C:\Users\chaub\.m2\repository\org\glassfish\jaxb\txw2\4.0.5\txw2-4.0.5.jar;C:\Users\chaub\.m2\repository\com\sun\istack\istack-commons-runtime\4.1.2\istack-commons-runtime-4.1.2.jar;C:\Users\chaub\.m2\repository\jakarta\inject\jakarta.inject-api\2.0.1\jakarta.inject-api-2.0.1.jar;C:\Users\chaub\.m2\repository\org\antlr\antlr4-runtime\4.13.0\antlr4-runtime-4.13.0.jar;C:\Users\chaub\.m2\repository\org\springframework\data\spring-data-jpa\3.2.5\spring-data-jpa-3.2.5.jar;C:\Users\chaub\.m2\repository\org\springframework\data\spring-data-commons\3.2.5\spring-data-commons-3.2.5.jar;C:\Users\chaub\.m2\repository\org\springframework\spring-orm\6.1.6\spring-orm-6.1.6.jar;C:\Users\chaub\.m2\repository\org\springframework\spring-context\6.1.6\spring-context-6.1.6.jar;C:\Users\chaub\.m2\repository\org\springframework\spring-tx\6.1.6\spring-tx-6.1.6.jar;C:\Users\chaub\.m2\repository\org\springframework\spring-beans\6.1.6\spring-beans-6.1.6.jar;C:\Users\chaub\.m2\repository\jakarta\annotation\jakarta.annotation-api\2.1.1\jakarta.annotation-api-2.1.1.jar;C:\Users\chaub\.m2\repository\org\slf4j\slf4j-api\2.0.13\slf4j-api-2.0.13.jar;C:\Users\chaub\.m2\repository\org\springframework\spring-aspects\6.1.6\spring-aspects-6.1.6.jar;C:\Users\chaub\.m2\repository\io\jsonwebtoken\jjwt-api\0.11.1\jjwt-api-0.11.1.jar;C:\Users\chaub\.m2\repository\io\jsonwebtoken\jjwt-impl\0.11.1\jjwt-impl-0.11.1.jar;C:\Users\chaub\.m2\repository\io\jsonwebtoken\jjwt-jackson\0.11.1\jjwt-jackson-0.11.1.jar;C:\Users\chaub\.m2\repository\com\fasterxml\jackson\core\jackson-databind\2.15.4\jackson-databind-2.15.4.jar;C:\Users\chaub\.m2\repository\com\fasterxml\jackson\core\jackson-annotations\2.15.4\jackson-annotations-2.15.4.jar;C:\Users\chaub\.m2\repository\com\fasterxml\jackson\core\jackson-core\2.15.4\jackson-core-2.15.4.jar;C:\Users\chaub\.m2\repository\org\springframework\boot\spring-boot-starter-security\3.2.5\spring-boot-starter-security-3.2.5.jar;C:\Users\chaub\.m2\repository\org\springframework\boot\spring-boot-starter\3.2.5\spring-boot-starter-3.2.5.jar;C:\Users\chaub\.m2\repository\org\springframework\boot\spring-boot-starter-logging\3.2.5\spring-boot-starter-logging-3.2.5.jar;C:\Users\chaub\.m2\repository\ch\qos\logback\logback-classic\1.4.14\logback-classic-1.4.14.jar;C:\Users\chaub\.m2\repository\ch\qos\logback\logback-core\1.4.14\logback-core-1.4.14.jar;C:\Users\chaub\.m2\repository\org\apache\logging\log4j\log4j-to-slf4j\2.21.1\log4j-to-slf4j-2.21.1.jar;C:\Users\chaub\.m2\repository\org\apache\logging\log4j\log4j-api\2.21.1\log4j-api-2.21.1.jar;C:\Users\chaub\.m2\repository\org\slf4j\jul-to-slf4j\2.0.13\jul-to-slf4j-2.0.13.jar;C:\Users\chaub\.m2\repository\org\yaml\snakeyaml\2.2\snakeyaml-2.2.jar;C:\Users\chaub\.m2\repository\org\springframework\spring-aop\6.1.6\spring-aop-6.1.6.jar;C:\Users\chaub\.m2\repository\org\springframework\security\spring-security-config\6.2.4\spring-security-config-6.2.4.jar;C:\Users\chaub\.m2\repository\org\springframework\security\spring-security-web\6.2.4\spring-security-web-6.2.4.jar;C:\Users\chaub\.m2\repository\org\springframework\spring-expression\6.1.6\spring-expression-6.1.6.jar;C:\Users\chaub\.m2\repository\org\springframework\boot\spring-boot-starter-web\3.2.5\spring-boot-starter-web-3.2.5.jar;C:\Users\chaub\.m2\repository\org\springframework\boot\spring-boot-starter-json\3.2.5\spring-boot-starter-json-3.2.5.jar;C:\Users\chaub\.m2\repository\com\fasterxml\jackson\datatype\jackson-datatype-jdk8\2.15.4\jackson-datatype-jdk8-2.15.4.jar;C:\Users\chaub\.m2\repository\com\fasterxml\jackson\datatype\jackson-datatype-jsr310\2.15.4\jackson-datatype-jsr310-2.15.4.jar;C:\Users\chaub\.m2\repository\com\fasterxml\jackson\module\jackson-module-parameter-names\2.15.4\jackson-module-parameter-names-2.15.4.jar;C:\Users\chaub\.m2\repository\org\springframework\boot\spring-boot-starter-tomcat\3.2.5\spring-boot-starter-tomcat-3.2.5.jar;C:\Users\chaub\.m2\repository\org\apache\tomcat\embed\tomcat-embed-core\10.1.20\tomcat-embed-core-10.1.20.jar;C:\Users\chaub\.m2\repository\org\apache\tomcat\embed\tomcat-embed-el\10.1.20\tomcat-embed-el-10.1.20.jar;C:\Users\chaub\.m2\repository\org\apache\tomcat\embed\tomcat-embed-websocket\10.1.20\tomcat-embed-websocket-10.1.20.jar;C:\Users\chaub\.m2\repository\org\springframework\spring-web\6.1.6\spring-web-6.1.6.jar;C:\Users\chaub\.m2\repository\io\micrometer\micrometer-observation\1.12.5\micrometer-observation-1.12.5.jar;C:\Users\chaub\.m2\repository\io\micrometer\micrometer-commons\1.12.5\micrometer-commons-1.12.5.jar;C:\Users\chaub\.m2\repository\org\springframework\spring-webmvc\6.1.6\spring-webmvc-6.1.6.jar;C:\Users\chaub\.m2\repository\org\springframework\boot\spring-boot-devtools\3.2.5\spring-boot-devtools-3.2.5.jar;C:\Users\chaub\.m2\repository\org\springframework\boot\spring-boot\3.2.5\spring-boot-3.2.5.jar;C:\Users\chaub\.m2\repository\org\springframework\boot\spring-boot-autoconfigure\3.2.5\spring-boot-autoconfigure-3.2.5.jar;C:\Users\chaub\.m2\repository\com\mysql\mysql-connector-j\8.3.0\mysql-connector-j-8.3.0.jar;C:\Users\chaub\.m2\repository\org\projectlombok\lombok\1.18.32\lombok-1.18.32.jar;C:\Users\chaub\.m2\repository\jakarta\xml\bind\jakarta.xml.bind-api\4.0.2\jakarta.xml.bind-api-4.0.2.jar;C:\Users\chaub\.m2\repository\jakarta\activation\jakarta.activation-api\2.1.3\jakarta.activation-api-2.1.3.jar;C:\Users\chaub\.m2\repository\org\springframework\spring-core\6.1.6\spring-core-6.1.6.jar;C:\Users\chaub\.m2\repository\org\springframework\spring-jcl\6.1.6\spring-jcl-6.1.6.jar;C:\Users\chaub\.m2\repository\org\springframework\security\spring-security-core\6.2.4\spring-security-core-6.2.4.jar;C:\Users\chaub\.m2\repository\org\springframework\security\spring-security-crypto\6.2.4\spring-security-crypto-6.2.4.jar
Launcher Type: SUN_STANDARD

[Global flags]
     intx CICompilerCount                          = 4                                         {product} {ergonomic}
     uint ConcGCThreads                            = 2                                         {product} {ergonomic}
     uint G1ConcRefinementThreads                  = 8                                         {product} {ergonomic}
   size_t G1HeapRegionSize                         = 1048576                                   {product} {ergonomic}
    uintx GCDrainStackTargetSize                   = 64                                        {product} {ergonomic}
   size_t InitialHeapSize                          = 132120576                                 {product} {ergonomic}
   size_t MarkStackSize                            = 4194304                                   {product} {ergonomic}
   size_t MaxHeapSize                              = 2109734912                                {product} {ergonomic}
   size_t MaxNewSize                               = 1265631232                                {product} {ergonomic}
   size_t MinHeapDeltaBytes                        = 1048576                                   {product} {ergonomic}
   size_t MinHeapSize                              = 8388608                                   {product} {ergonomic}
    uintx NonNMethodCodeHeapSize                   = 5839372                                {pd product} {ergonomic}
    uintx NonProfiledCodeHeapSize                  = 122909434                              {pd product} {ergonomic}
    uintx ProfiledCodeHeapSize                     = 122909434                              {pd product} {ergonomic}
    uintx ReservedCodeCacheSize                    = 251658240                              {pd product} {ergonomic}
     bool SegmentedCodeCache                       = true                                      {product} {ergonomic}
   size_t SoftMaxHeapSize                          = 2109734912                             {manageable} {ergonomic}
     bool UseCompressedClassPointers               = true                           {product lp64_product} {ergonomic}
     bool UseCompressedOops                        = true                           {product lp64_product} {ergonomic}
     bool UseG1GC                                  = true                                      {product} {ergonomic}
     bool UseLargePagesIndividualAllocation        = false                                  {pd product} {ergonomic}

Logging:
Log output configuration:
 #0: stdout all=warning uptime,level,tags foldmultilines=false
 #1: stderr all=off uptime,level,tags foldmultilines=false

Environment Variables:
JAVA_HOME=C:\Program Files\Java\jdk-17\bin
PATH=C:\Program Files\Common Files\Oracle\Java\javapath;C:\Scripts\;C:\;C:\WINDOWS\system32;C:\WINDOWS;C:\WINDOWS\System32\Wbem;C:\Program Files\Java\jdk-15.0.2\bin;C:\MinGW\bin;C:\WINDOWS\System32\OpenSSH\;C:\apache-maven-3.9.3\bin;C:\spring-3.1.1\bin;C:\Program Files\MySQL\MySQL Server 8.0\bin;C:\Program Files\nodejs\;C:\Users\chaub\AppData\Local\Microsoft\WindowsApps;C:\Users\chaub\AppData\Local\Programs\Microsoft\bin;C:\Users\chaub\AppData\Roaming\npm
USERNAME=chaub
OS=Windows_NT
PROCESSOR_IDENTIFIER=Intel64 Family 6 Model 142 Stepping 11, GenuineIntel



---------------  S Y S T E M  ---------------

OS:
 Windows 11 , 64 bit Build 22621 (10.0.22621.3235)
OS uptime: 32 days 1:41 hours
Hyper-V role detected

CPU: total 8 (initial active 8) (4 cores per cpu, 2 threads per core) family 6 model 142 stepping 11 microcode 0xde, cx8, cmov, fxsr, ht, mmx, 3dnowpref, sse, sse2, sse3, ssse3, sse4.1, sse4.2, popcnt, lzcnt, tsc, tscinvbit, avx, avx2, aes, erms, clmul, bmi1, bmi2, adx, fma, vzeroupper, clflush, clflushopt, hv

Memory: 4k page, system-wide physical 8043M (3237M free)
TotalPageFile size 22886M (AvailPageFile size 3353M)
current process WorkingSet (physical memory assigned to process): 59M, peak: 287M
current process commit charge ("private bytes"): 320M, peak: 340M

vm_info: OpenJDK 64-Bit Server VM (18.0.2+9-FR) for windows-amd64 JRE (18.0.2+9-FR), built on Jul 15 2022 20:03:03 by "Administrator" with MS VC++ 15.9 (VS2017)

END.
